<?xml version="1.0" encoding="UTF-8"?>
<coverage generated="1717727177494" clover="3.2.0">
  <project timestamp="1717727177494" name="All files">
    <metrics statements="8" coveredstatements="7" conditionals="0" coveredconditionals="0" methods="1" coveredmethods="1" elements="9" coveredelements="8" complexity="0" loc="8" ncloc="8" packages="1" files="1" classes="1"/>
    <file name="productsApi.js" path="G:\JEST Framework\Endpoint Test\services\productsApi.js">
      <metrics statements="8" coveredstatements="7" conditionals="0" coveredconditionals="0" methods="1" coveredmethods="1"/>
      <line num="1" count="1" type="stmt"/>
      <line num="3" count="1" type="stmt"/>
      <line num="4" count="1" type="stmt"/>
      <line num="5" count="1" type="stmt"/>
      <line num="6" count="1" type="stmt"/>
      <line num="7" count="1" type="stmt"/>
      <line num="9" count="0" type="stmt"/>
      <line num="13" count="1" type="stmt"/>
    </file>
  </project>
</coverage>
