{"G:\\JEST Framework\\Endpoint Test\\services\\productsApi.js": {"path":"G:\\JEST Framework\\Endpoint Test\\services\\productsApi.js","statementMap":{"0":{"start":{"line":1,"column":17},"end":{"line":1,"column":45}},"1":{"start":{"line":3,"column":23},"end":{"line":11,"column":1}},"2":{"start":{"line":4,"column":4},"end":{"line":10,"column":5}},"3":{"start":{"line":5,"column":27},"end":{"line":5,"column":45}},"4":{"start":{"line":6,"column":8},"end":{"line":6,"column":32}},"5":{"start":{"line":7,"column":8},"end":{"line":7,"column":31}},"6":{"start":{"line":9,"column":8},"end":{"line":9,"column":18}},"7":{"start":{"line":13,"column":0},"end":{"line":13,"column":35}}},"fnMap":{"0":{"name":"(anonymous_0)","decl":{"start":{"line":3,"column":23},"end":{"line":3,"column":24}},"loc":{"start":{"line":3,"column":39},"end":{"line":11,"column":1}},"line":3}},"branchMap":{},"s":{"0":1,"1":1,"2":1,"3":1,"4":1,"5":1,"6":0,"7":1},"f":{"0":1},"b":{},"_coverageSchema":"1a1c01bbd47fc00a2c39e90264f33305004495a9","hash":"b118009db778a4b9e72973a4bc07f02a7478c9a8"}
}
